<?xml version="1.0" encoding="UTF-8"?>
<!-- Generated by org.testng.reporters.JUnitReportReporter -->
<testsuite hostname="DESKTOP-6P1S927" failures="0" tests="1" name="TestNGAnnotation.Demo" time="11.144" errors="0" timestamp="2024-07-07T16:11:20 IST" skipped="0">
  <testcase classname="TestNGAnnotation.Demo" name="samplecode" time="11.144"/>
</testsuite> <!-- TestNGAnnotation.Demo -->
