<?xml version="1.0" encoding="UTF-8"?>
<!-- Generated by org.testng.reporters.JUnitReportReporter -->
<testsuite hostname="DESKTOP-6P1S927" failures="0" tests="1" name="TestNG.TestNGFramework.Demo" time="17.551" errors="0" timestamp="2024-06-26T20:25:45 IST" skipped="0">
  <testcase classname="TestNG.TestNGFramework.Demo" name="sampleAutomationCode" time="17.551"/>
</testsuite> <!-- TestNG.TestNGFramework.Demo -->
