<?xml version="1.0" encoding="UTF-8"?>
<!-- Generated by org.testng.reporters.JUnitReportReporter -->
<testsuite hostname="DESKTOP-6P1S927" failures="0" tests="1" name="TestNG.TestNGFramework.Demo2" time="0.012" errors="0" timestamp="2024-06-26T20:53:35 IST" skipped="1">
  <testcase classname="TestNG.TestNGFramework.Demo2" name="sampleCode" time="0.012">
    <skipped/>
  </testcase> <!-- sampleCode -->
</testsuite> <!-- TestNG.TestNGFramework.Demo2 -->
